<?xml version="1.0" encoding="UTF-8"?>
<!-- Generated by org.testng.reporters.JUnitXMLReporter -->
<testsuite hostname="DESKTOP-6GHSNO6" ignored="4" name="test" tests="67" failures="15" timestamp="2022-04-10T17:19:25 CST" time="16.17" errors="0">
  <testcase name="testRegister" time="3.959" classname="com.lemon_yy.testcases.RegisterTest"/>
  <testcase name="testRegister" time="1.195" classname="com.lemon_yy.testcases.RegisterTest"/>
  <testcase name="testRegister" time="1.203" classname="com.lemon_yy.testcases.RegisterTest"/>
  <testcase name="testRegister" time="0.147" classname="com.lemon_yy.testcases.RegisterTest"/>
  <testcase name="testRegister" time="0.147" classname="com.lemon_yy.testcases.RegisterTest"/>
  <testcase name="testRegister" time="0.147" classname="com.lemon_yy.testcases.RegisterTest"/>
  <testcase name="testRegister" time="0.116" classname="com.lemon_yy.testcases.RegisterTest"/>
  <testcase name="testRegister" time="0.138" classname="com.lemon_yy.testcases.RegisterTest"/>
  <testcase name="testRegister" time="0.217" classname="com.lemon_yy.testcases.RegisterTest"/>
  <testcase name="testRegister" time="0.129" classname="com.lemon_yy.testcases.RegisterTest"/>
  <testcase name="testRegister" time="0.118" classname="com.lemon_yy.testcases.RegisterTest"/>
  <testcase name="testRegister" time="0.122" classname="com.lemon_yy.testcases.RegisterTest"/>
  <testcase name="testRegister" time="0.116" classname="com.lemon_yy.testcases.RegisterTest"/>
  <testcase name="testRegister" time="0.117" classname="com.lemon_yy.testcases.RegisterTest"/>
  <testcase name="testLogin" time="0.217" classname="com.lemon_yy.testcases.LoginTest"/>
  <testcase name="testLogin" time="0.221" classname="com.lemon_yy.testcases.LoginTest"/>
  <testcase name="testLogin" time="0.229" classname="com.lemon_yy.testcases.LoginTest"/>
  <testcase name="testLogin" time="0.116" classname="com.lemon_yy.testcases.LoginTest"/>
  <testcase name="testLogin" time="0.116" classname="com.lemon_yy.testcases.LoginTest"/>
  <testcase name="testLogin" time="0.121" classname="com.lemon_yy.testcases.LoginTest"/>
  <testcase name="testLogin" time="0.127" classname="com.lemon_yy.testcases.LoginTest"/>
  <testcase name="testLogin" time="0.141" classname="com.lemon_yy.testcases.LoginTest"/>
  <testcase name="testLogin" time="0.194" classname="com.lemon_yy.testcases.LoginTest"/>
  <testcase name="testLogin" time="0.131" classname="com.lemon_yy.testcases.LoginTest"/>
  <testcase name="testLogin" time="0.1" classname="com.lemon_yy.testcases.LoginTest"/>
  <testcase name="testLogin" time="0.189" classname="com.lemon_yy.testcases.LoginTest"/>
  <testcase name="testLogin" time="0.181" classname="com.lemon_yy.testcases.LoginTest"/>
  <testcase name="testLogin" time="0.201" classname="com.lemon_yy.testcases.LoginTest"/>
  <testcase name="testLogin" time="0.194" classname="com.lemon_yy.testcases.LoginTest"/>
  <testcase name="testGetUserInfo" time="0.149" classname="com.lemon_yy.testcases.GetUserInfoTest"/>
  <testcase name="testGetRechage" time="0.0" classname="com.lemon_yy.testcases.RechargeTest">
    <failure type="java.lang.NullPointerException">
      <![CDATA[java.lang.NullPointerException
at com.lemon_yy.testcases.RechargeTest.testGetRechage(RechargeTest.java:69)
at java.util.ArrayList.forEach(ArrayList.java:1257)
... Removed 31 stack frames]]>
    </failure>
  </testcase> <!-- testGetRechage -->
  <testcase name="testGetRechage" time="0.0" classname="com.lemon_yy.testcases.RechargeTest">
    <failure type="java.lang.NullPointerException">
      <![CDATA[java.lang.NullPointerException
at com.lemon_yy.testcases.RechargeTest.testGetRechage(RechargeTest.java:69)
at java.util.ArrayList.forEach(ArrayList.java:1257)
... Removed 31 stack frames]]>
    </failure>
  </testcase> <!-- testGetRechage -->
  <testcase name="testGetRechage" time="0.0" classname="com.lemon_yy.testcases.RechargeTest">
    <failure type="java.lang.NullPointerException">
      <![CDATA[java.lang.NullPointerException
at com.lemon_yy.testcases.RechargeTest.testGetRechage(RechargeTest.java:69)
at java.util.ArrayList.forEach(ArrayList.java:1257)
... Removed 31 stack frames]]>
    </failure>
  </testcase> <!-- testGetRechage -->
  <testcase name="testGetRechage" time="0.0" classname="com.lemon_yy.testcases.RechargeTest">
    <failure type="java.lang.NullPointerException">
      <![CDATA[java.lang.NullPointerException
at com.lemon_yy.testcases.RechargeTest.testGetRechage(RechargeTest.java:69)
at java.util.ArrayList.forEach(ArrayList.java:1257)
... Removed 31 stack frames]]>
    </failure>
  </testcase> <!-- testGetRechage -->
  <testcase name="testGetRechage" time="0.0" classname="com.lemon_yy.testcases.RechargeTest">
    <failure type="java.lang.NullPointerException">
      <![CDATA[java.lang.NullPointerException
at com.lemon_yy.testcases.RechargeTest.testGetRechage(RechargeTest.java:69)
at java.util.ArrayList.forEach(ArrayList.java:1257)
... Removed 31 stack frames]]>
    </failure>
  </testcase> <!-- testGetRechage -->
  <testcase name="testGetRechage" time="0.0" classname="com.lemon_yy.testcases.RechargeTest">
    <failure type="java.lang.NullPointerException">
      <![CDATA[java.lang.NullPointerException
at com.lemon_yy.testcases.RechargeTest.testGetRechage(RechargeTest.java:69)
at java.util.ArrayList.forEach(ArrayList.java:1257)
... Removed 31 stack frames]]>
    </failure>
  </testcase> <!-- testGetRechage -->
  <testcase name="testGetRechage" time="0.0" classname="com.lemon_yy.testcases.RechargeTest">
    <failure type="java.lang.NullPointerException">
      <![CDATA[java.lang.NullPointerException
at com.lemon_yy.testcases.RechargeTest.testGetRechage(RechargeTest.java:69)
at java.util.ArrayList.forEach(ArrayList.java:1257)
... Removed 31 stack frames]]>
    </failure>
  </testcase> <!-- testGetRechage -->
  <testcase name="testGetRechage" time="0.0" classname="com.lemon_yy.testcases.RechargeTest">
    <failure type="java.lang.NullPointerException">
      <![CDATA[java.lang.NullPointerException
at com.lemon_yy.testcases.RechargeTest.testGetRechage(RechargeTest.java:69)
at java.util.ArrayList.forEach(ArrayList.java:1257)
... Removed 31 stack frames]]>
    </failure>
  </testcase> <!-- testGetRechage -->
  <testcase name="testGetRechage" time="0.0" classname="com.lemon_yy.testcases.RechargeTest">
    <failure type="java.lang.NullPointerException">
      <![CDATA[java.lang.NullPointerException
at com.lemon_yy.testcases.RechargeTest.testGetRechage(RechargeTest.java:69)
at java.util.ArrayList.forEach(ArrayList.java:1257)
... Removed 31 stack frames]]>
    </failure>
  </testcase> <!-- testGetRechage -->
  <testcase name="testGetRechage" time="0.0" classname="com.lemon_yy.testcases.RechargeTest">
    <failure type="java.lang.NullPointerException">
      <![CDATA[java.lang.NullPointerException
at com.lemon_yy.testcases.RechargeTest.testGetRechage(RechargeTest.java:69)
at java.util.ArrayList.forEach(ArrayList.java:1257)
... Removed 31 stack frames]]>
    </failure>
  </testcase> <!-- testGetRechage -->
  <testcase name="testGetRechage" time="0.0" classname="com.lemon_yy.testcases.RechargeTest">
    <failure type="java.lang.NullPointerException">
      <![CDATA[java.lang.NullPointerException
at com.lemon_yy.testcases.RechargeTest.testGetRechage(RechargeTest.java:69)
at java.util.ArrayList.forEach(ArrayList.java:1257)
... Removed 31 stack frames]]>
    </failure>
  </testcase> <!-- testGetRechage -->
  <testcase name="testGetRechage" time="0.0" classname="com.lemon_yy.testcases.RechargeTest">
    <failure type="java.lang.NullPointerException">
      <![CDATA[java.lang.NullPointerException
at com.lemon_yy.testcases.RechargeTest.testGetRechage(RechargeTest.java:69)
at java.util.ArrayList.forEach(ArrayList.java:1257)
... Removed 31 stack frames]]>
    </failure>
  </testcase> <!-- testGetRechage -->
  <testcase name="testAddLoan" time="0.153" classname="com.lemon_yy.testcases.AddLoanTest">
    <failure type="java.lang.AssertionError" message="接口响应断言失败 expected [1] but found [5]">
      <![CDATA[java.lang.AssertionError: 接口响应断言失败 expected [1] but found [5]
at com.lemon_yy.base.BaseCase.assertExpected(BaseCase.java:132)
at com.lemon_yy.testcases.AddLoanTest.testAddLoan(AddLoanTest.java:52)
at java.util.ArrayList.forEach(ArrayList.java:1257)
... Removed 34 stack frames]]>
    </failure>
  </testcase> <!-- testAddLoan -->
  <testcase name="testAddLoan" time="0.147" classname="com.lemon_yy.testcases.AddLoanTest">
    <failure type="java.lang.AssertionError" message="接口响应断言失败 expected [10] but found [5]">
      <![CDATA[java.lang.AssertionError: 接口响应断言失败 expected [10] but found [5]
at com.lemon_yy.base.BaseCase.assertExpected(BaseCase.java:132)
at com.lemon_yy.testcases.AddLoanTest.testAddLoan(AddLoanTest.java:52)
at java.util.ArrayList.forEach(ArrayList.java:1257)
... Removed 34 stack frames]]>
    </failure>
  </testcase> <!-- testAddLoan -->
  <testcase name="testAddLoan" time="0.17" classname="com.lemon_yy.testcases.AddLoanTest">
    <failure type="java.lang.AssertionError" message="接口响应断言失败 expected [2] but found [5]">
      <![CDATA[java.lang.AssertionError: 接口响应断言失败 expected [2] but found [5]
at com.lemon_yy.base.BaseCase.assertExpected(BaseCase.java:132)
at com.lemon_yy.testcases.AddLoanTest.testAddLoan(AddLoanTest.java:52)
at java.util.ArrayList.forEach(ArrayList.java:1257)
... Removed 34 stack frames]]>
    </failure>
  </testcase> <!-- testAddLoan -->
  <testcase name="testAddLoan" time="0.17" classname="com.lemon_yy.testcases.AddLoanTest"/>
  <testcase name="testAddLoan" time="0.115" classname="com.lemon_yy.testcases.AddLoanTest"/>
  <testcase name="testAddLoan" time="0.116" classname="com.lemon_yy.testcases.AddLoanTest"/>
  <testcase name="testAddLoan" time="0.116" classname="com.lemon_yy.testcases.AddLoanTest"/>
  <testcase name="testAddLoan" time="0.1" classname="com.lemon_yy.testcases.AddLoanTest"/>
  <testcase name="testAddLoan" time="0.154" classname="com.lemon_yy.testcases.AddLoanTest"/>
  <testcase name="testAddLoan" time="0.131" classname="com.lemon_yy.testcases.AddLoanTest"/>
  <testcase name="testAddLoan" time="0.285" classname="com.lemon_yy.testcases.AddLoanTest"/>
  <testcase name="testAddLoan" time="0.116" classname="com.lemon_yy.testcases.AddLoanTest"/>
  <testcase name="testAddLoan" time="0.147" classname="com.lemon_yy.testcases.AddLoanTest"/>
  <testcase name="testAddLoan" time="0.138" classname="com.lemon_yy.testcases.AddLoanTest"/>
  <testcase name="testAddLoan" time="0.603" classname="com.lemon_yy.testcases.AddLoanTest"/>
  <testcase name="testAddLoan" time="0.501" classname="com.lemon_yy.testcases.AddLoanTest"/>
  <testcase name="testAddLoan" time="0.116" classname="com.lemon_yy.testcases.AddLoanTest"/>
  <testcase name="testAddLoan" time="0.132" classname="com.lemon_yy.testcases.AddLoanTest"/>
  <testcase name="testAddLoan" time="0.107" classname="com.lemon_yy.testcases.AddLoanTest"/>
  <testcase name="testAddLoan" time="0.147" classname="com.lemon_yy.testcases.AddLoanTest"/>
  <testcase name="testAddLoan" time="0.136" classname="com.lemon_yy.testcases.AddLoanTest"/>
  <testcase name="testAddLoan" time="0.173" classname="com.lemon_yy.testcases.AddLoanTest"/>
  <testcase name="testAddLoan" time="0.11" classname="com.lemon_yy.testcases.AddLoanTest"/>
  <testcase name="testAddLoan" time="0.119" classname="com.lemon_yy.testcases.AddLoanTest"/>
  <testcase name="testAddLoan" time="0.13" classname="com.lemon_yy.testcases.AddLoanTest"/>
  <testcase name="@BeforeTest globalSetup" time="0.0" classname="com.lemon_yy.base.BaseCase">
    <ignored/>
  </testcase> <!-- @BeforeTest globalSetup -->
  <testcase name="@BeforeTest globalSetup" time="0.0" classname="com.lemon_yy.base.BaseCase">
    <ignored/>
  </testcase> <!-- @BeforeTest globalSetup -->
  <testcase name="@BeforeTest globalSetup" time="0.0" classname="com.lemon_yy.base.BaseCase">
    <ignored/>
  </testcase> <!-- @BeforeTest globalSetup -->
  <testcase name="@BeforeTest globalSetup" time="0.0" classname="com.lemon_yy.base.BaseCase">
    <ignored/>
  </testcase> <!-- @BeforeTest globalSetup -->
</testsuite> <!-- test -->
